4
27
48
72
108
162
320
800
1792
2000
3125
3840
5000
5760
6272
8640
9600
10935
12500
12960
14400
18225
19440
21504
21600
21952
24000
29160
30375
31250
32256
32400
36000
43740
45056
48384
48600
50625
54000
60000
65610
72576
72900
75264
76832
81000
84375
90000
108864
109350
112896
121500
135000
137781
140625
143360
150000
163296
169344
182250
202500
212992
225000
234375
244944
247808
254016
263424
268912
303750
321489
337500
358400
367416
375000
381024
395136
501760
506250
540672
551124
562500
571536
592704
750141
811008
823543
826686
843750
857304
889056
896000
921984
937500
941192
1216512
1254400
1285956
1333584
1362944
1382976
1384448
1406250
1720320
1750329
1756160
1824768
1928934
2000376
2074464
2240000
2343750
2555904
2580480
2737152
2973696
3000564
3111696
3136000
3226944
3294172
3604480
3833856
3870720
4084101
4105728
4300800
4390400
4456448
4460544
4500846
4667544
4840416
5600000
5750784
5806080
6021120
6146560
6158592
6451200
6690816
7001316
7260624
7496192
7840000
8626176
8709120
8998912
9011200
9031680
9237888
9529569
9676800
10036224
10501974
10752000
10890936
10976000
11294304
11529602
12939264
13063680
13547520
13856832
14000000
14515200
15052800
15054336
15366400
16128000
16336404
16355328
16613376
16941456
17039360
17537553
19408896
19595520
19600000
19824640
19922944
20185088
20321280
20785248
21073920
21512960
21772800
22235661
22528000
22579200
22581504
24192000
24504606
24532992
24920064
25412184
26880000
27440000
29113344
29393280
30481920
31177872
31610880
32659200
33868800
33872256
35000000
36288000
36799488
37380096
37632000
37879808
38118276
38416000
39530064
40320000
41229056
42598400
43253760
43670016
44089920
45722880
46766808
47416320
48988800
49000000
49561600
50803200
50808384
51883209
52684800
53477376
53782400
54432000
55199232
55801305
56070144
56320000
56448000
57177414
58492928
59295096
60480000
64304361
64880640
65505024
66134880
67200000
68584320
68600000
70150212
70647808
71124480
73483200
73758720
75295360
76204800
76212576
79027200
80216064
81648000
82798848
84105216
84672000
87500000
88942644
89954304
90720000
93002175
94080000
95420416
96040000
97320960
98257536
99202320
100800000
102876480
105225318
106496000
106686720
107986944
108134400
109035520
110224800
110638080
110755840
111017984
114307200
114318864
118540800
120324096
121060821
122472000
122500000
123904000
124198272
126157824
127008000
130203045
131712000
133413966
134456000
134931456
136080000
138355224
140800000
141120000
145981440
147386304
148803480
151200000
154314720
155003625
160030080
161980416
162201600
165337200
165957120
168000000
171460800
171478296
171500000
177811200
180486144
183708000
184396800
186297408
186535791
188238400
189236736
189267968
190512000
197568000
202397184
204120000
204472320
207532836
211680000
217005075
218750000
218972160
221079456
223205220
226759808
226800000
231472080
235200000
235782657
237895680
239075328
240045120
240100000
242221056
242970624
243302400
247267328
248005800
248935680
252000000
257191200
257217444
258155520
258339375
263533760
266240000
266716800
270336000
270729216
272588800
275562000
276595200
276889600
279446112
283855104
285768000
296352000
303595776
303807105
306180000
306250000
306708480
309760000
311299254
317520000
321978368
328458240
329280000
331619184
333971456
334807830
336140000
340200000
341796875
347208120
352000000
352800000
356515840
356843520
358612992
360067680
361675125
363331584
364455936
364953600
372008700
373403520
378000000
380204032
385786800
385826166
385875968
387233280
388562944
400075200
405504000
406093824
413343000
414892800
419169168
420000000
425782656
428652000
428750000
430565625
444528000
454557696
455393664
459270000
460062720
460992000
470596000
476280000
478515625
484243284
492687360
493920000
494748672
497428776
506345175
510300000
511180800
520812180
529200000
535265280
537919488
540101520
544997376
546683904
546875000
547430400
558013050
560105280
567000000
578680200
580849920
588000000
594739200
599695360
600112800
600250000
602791875
608256000
609140736
610598912
620014500
620232704
622339200
628753752
630000000
638673984
642978000
645388800
658834400
665600000
666792000
669921875
675840000
681472000
681836544
683090496
688905000
690094080
691488000
692224000
701915136
708883245
714420000
717609375
719912960
726364926
739031040
740880000
742123008
746143164
765450000
765625000
766771200
774400000
781218270
793800000
802897920
806879232
808321761
810152280
817496064
820025856
821145600
823200000
840157920
840350000
843908625
847773696
850500000
864536409
865435648
868020300
871274880
880000000
882000000
891289600
892108800
900169200
903544320
912384000
913711104
922368160
930021750
933508800
937890625
943130628
945000000
958010976
964467000
968083200
1000188000
1004653125
1013760000
1022754816
1024635744
1033357500
1035141120
1037232000
1050000000
1052872704
1071630000
1071875000
1108546560
1111320000
1113184512
1119214746
1145044992
1148175000
1150156800
1152480000
1168900096
1176490000
1181472075
1190700000
1196015625
1204346880
1210318848
1215228420
1226244096
1230038784
1231718400
1234800000
1247178944
1260236880
1271660544
1275750000
1277952000
1302030450
1306912320
1308426240
1313046875
1323000000
1329070080
1332215808
1338163200
1350253800
1355316480
1359970304
1367187500
1368576000
1370566656
1400263200
1406514375
1414695942
1417500000
1437016464
1446700500
1452124800
1470000000
1486848000
1499238400
1500282000
1500625000
1520640000
1534132224
1536953616
1550036250
1552711680
1555848000
1575000000
1579309056
1593835520
1607445000
1613472000
1614807040
1647086000
1654060905
1662819840
1664000000
1666980000
1669776768
1674421875
1689600000
1694851494
1703680000
1717567488
1722262500
1725235200
1728720000
1730560000
1786050000
1798045696
1799782400
1806520320
1815478272
1822842630
1838265625
1839366144
1845058176
1847577600
1852200000
1890355320
1907490816
1913625000
1914062500
1916928000
1936000000
1960368480
1962639360
1969120125
1984500000
1993359375
1993605120
1996488704
1998323712
2007244800
2025380700
2032974720
2052864000
2055849984
2058000000
2100394800
2100875000
2126250000
2137096192
2155524696
2170050750
2170814464
2178187200
2200000000
2205000000
2228224000
2230272000
2250423000
2258860800
2271215616
2280960000
2301198336
2305430424
2305920400
2329067520
2333772000
2344190625
2362500000
2368963584
2399141888
2411167500
2420208000
2471326208
2494229760
2500470000
2504665152
2534400000
2573571875
2576351232
2583393750
2587852800
2593080000
2625000000
2679075000
2679687500
2709780480
2721117696
2723217408
2736816128
2756768175
2759049216
2767587264
2771366400
2778300000
2790703125
2835532980
2861236224
2870437500
2875392000
2881200000
2940552720
2941225000
2943959040
2967207936
2976750000
2990407680
2997485568
3010867200
3029024768
3030384640
3038071050
3049462080
3079296000
3083774976
3087000000
3150592200
3162405120
3169966833
3189375000
3194880000
3228288560
3233287044
3267280800
3271065600
3281866875
3298324480
3307500000
3322265625
3322675200
3345408000
3358294016
3375634500
3388291200
3406823424
3417968750
3421440000
3451797504
3458145636
3493601280
3500658000
3502727631
3543750000
3553445376
3603000625
3616751250
3630312000
3675000000
3717120000
3741344640
3748096000
3750705000
3751562500
3756997728
3801600000
3859475445
3863740416
3864526848
3881779200
3889620000
3906984375
3937500000
3984588800
4007657472
4018612500
4031512576
4033680000
4037017600
4064670720
4081676544
4084826112
4091150336
4117715000
4138573824
4151380896
4157049600
4160000000
4167450000
4224000000
4253299470
4259200000
4278190080
4291854336
4305656250
4313088000
4321800000
4326400000
4410829080
4415938560
4437573632
4450811904
4465125000
4485611520
4496228352
4499456000
4516300800
4562448384
4574193120
4594613625
4618944000
4625662464
4630500000
4630511616
4651171875
4662755328
4679434240
4725888300
4743607680
4759896064
4784062500
4785156250
4792320000
4840000000
4849930566
4900921200
4906598400
4961250000
4984012800
5018112000
5044200875
5063451750
5082436800
5110235136
5132160000
5145000000
5177696256
5187218454
5240401920
5250987000
5252187500
5315625000
5330168064
5445468000
5469778125
5500000000
5512500000
5537109375
5570560000
5575680000
5612016960
5626057500
5635496592
5647152000
5651824640
5702400000
5764801000
5795610624
5796790272
5822668800
5834430000
5906250000
6011486208
6027918750
6050520000
6097006080
6122514816
6127239168
6207860736
6227071344
6235574400
6251175000
6336000000
6417285120
6432459075
6437781504
6469632000
6482700000
6511640625
6562500000
6616243620
6623907840
6676217856
6697687500
6699218750
6728417280
6744342528
6774451200
6843672576
6859484192
6861289680
6928416000
6938493696
6945750000
6945767424
6987710464
6994132992
7061881225
7088832450
7102708965
7115411520
7176093750
7188480000
7196344320
7203000000
7327186944
7351381800
7353062500
7359897600
7441875000
7442792448
7476019200
7479836672
7527168000
7575961600
7597850624
7623655200
7633633280
7657689375
7665352704
7698240000
7717500000
7751953125
7766544384
7860602880
7876480500
7906012800
7973437500
7987200000
7995252096
8070721400
8168202000
8177664000
8245811200
8268750000
8306688000
8363520000
8418025440
8439086250
8453244888
8470728000
8553600000
8638955520
8693415936
8695185408
8734003200
8751645000
8859375000
8881438720
8925478912
9005442705
9017229312
9075780000
9116296875
9145509120
9183772224
9187500000
9190858752
9228515625
9292800000
9311791104
9340607016
9353361600
9370240000
9376762500
9378906250
9504000000
9625927680
9656672256
9704448000
9724050000
9843750000
9886633715
9924365430
9935861760
9961472000
10014326784
10046531250
10084200000
10092544000
10092625920
10116513792
10161676800
10265508864
10291934520
10294287500
10385227776
10392624000
10400000000
10407740544
10418625000
10418651136
10491199488
10560000000
10601586688
10648000000
10673117280
10695475200
10720765125
10782720000
10794516480
10804500000
10816000000
10852734375
10990780416
11027072700
11039846400
11068417920
11162812500
11164188672
11214028800
11248640000
11290752000
11299009960
11435482800
11498029056
11547360000
11576250000
11623211721
11649816576
11698585600
11754029056
11790904320
11814720750
11837848275
11859019200
11960156250
11980800000
11992878144
12100000000
12252303000
12266496000
12403125000
12460032000
12545280000
12627038160
12679867332
12706092000
12762815625
12830400000
12862500000
12919921875
12958433280
13040123904
13042778112
13101004800
13127467500
13130468750
13195280384
13289062500
13525843968
13613670000
13718263680
13750000000
13775658336
13781250000
13786288128
13926400000
13939200000
13967686656
14010910524
14026801152
14030042400
14065143750
14110294016
14117880000
14129561600
14256000000
14319026176
14412002500
14438891520
14485008384
14556672000
14586075000
14765625000
14903792640
14966147328
15009071175
15021490176
15126300000
15138938880
15141437440
15174770688
15178486401
15193828125
15242515200
15380859375
15398263296
15437901780
15577841664
15588936000
15594422272
15611610816
15627937500
15627976704
15736799232
15840000000
16009675920
16043212800
16063620352
16174080000
16191774720
16206750000
16319643648
16406250000
16486170624
16540609050
16559769600
16602626880
16659636224
16744218750
16746283008
16821043200
16936128000
16970153984
17081434112
17153224200
17247043584
17321040000
17364375000
17474724864
17686356480
17788528800
17867941875
17971200000
17989317216
17990860800
18007500000
18087890625
18140784640
18378454500
18382656250
18399744000
18470617088
18604687500
18690048000
18817920000
18939904000
18940557240
19019800998
19059138000
19084083200
19126026240
19245600000
19293750000
19377684480
19437649920
19560185856
19564167168
19651507200
19691201250
19729747125
19758444939
19765032000
19781386240
19933593750
19968000000
20176803500
20288765952
20420505000
20444160000
20577395520
20614528000
20663487504
20671875000
20679432192
20766720000
20908800000
20951529984
21012699645
21016365786
21040201728
21045063600
21176820000
21271359375
21384000000
21533203125
21576548352
21597388800
21658337280
21727512576
21835008000
21879112500
22148437500
22203596800
22355688960
22449220992
22532235264
22689450000
22708408320
22762156032
22863772800
22968750000
23097394944
23156852670
23232000000
23262937088
23366762496
23383404000
23417416224
23425600000
23441906250
23441965056
23605198848
23760000000
23957864448
24014513880
24064819200
24261120000
24287662080
24310125000
24456986624
24479465472
24609375000
24729255936
24839654400
24903680000
24903940320
25015118625
25119424512
25210500000
25231360000
25231564800
25323046875
25404192000
25634765625
25645154304
25729836300
25735718750
25758269440
25870565376
25981560000
26000000000
26043266205
26046562500
26049773568
26179428352
26204831744
26212087296
26400000000
26529534720
26592477184
26620000000
26682793200
26717716480
26738688000
26956800000
26983975824
26986291200
27011250000
27040000000
27567681750
27599616000
27671044800
27907031250
28035072000
28121600000
28226880000
28247524900
28410835860
28588707000
28689039360
28789702656
28868400000
28940625000
29066526720
29156474880
29246464000
29340278784
29346250752
29477260800
29647548000
29655914496
29779903125
29952000000
30146484375
30250000000
30416322560
30433148928
30630757500
30666240000
30866093280
30870077440
30995231256
31007812500
31019148288
31085035520
31138512896
31150080000
31239176192
31363200000
31427294976
31560302592
31567595400
31765230000
32076000000
32156250000
32364822528
32396083200
32487505920
32591268864
32752512000
32818668750
32841793536
32882911875
33222656250
33533533440
33673831488
33798352896
34034175000
34062612480
34143234048
34295659200
34375000000
34453125000
34646092416
34816000000
34848000000
35021166075
35050143744
35075106000
35126124336
35162947584
35294700000
35323904000
35407798272
35452265625
35640000000
35888671875
35936796672
36021770820
36030006250
36097228800
36348297216
36364615680
36391680000
36431493120
36465187500
36719198208
36914062500
37093883904
37105553408
37259481600
37355910480
37679136768
37727163056
37815750000
37847347200
37853593600
38106288000
38467731456
38594754450
38739462720
38805848064
38972340000
39069843750
39074660352
39318130944
39546534860
39579893760
39600000000
39794302080
40024189800
40108032000
40299528192
40435200000
40475963736
40479436800
40516875000
41015625000
41139101696
41399424000
41506567200
41691864375
42052608000
42205078125
42340320000
42616253790
42618442977
42883060500
43033559040
43184553984
43302600000
43405443675
43410937500
43599790080
43734712320
44010418176
44019376128
44215891200
44471322000
44483871744
44928000000
44977152000
45018750000
45351961600
45649723392
45946136250
45999360000
46299139920
46492846884
46511718750
46528722432
46725120000
47044800000
47140942464
47340453888
47349760000
47351393100
47647845000
47710208000
47815065600
48114000000
48234375000
48378150912
48444211200
48547233792
48594124800
48731258880
48847912960
48886903296
49029632505
49093804032
49128768000
49262690304
49386029056
49412580000
49453465600
49618616320
49633171875
49920000000
50116591616
50197430272
50244140625
50300300160
50442008750
50510747232
50697529344
51032096768
51051262500
51093918720
51110400000
51214851072
51443488800
51536320000
51679687500
51916800000
51969138624
52272000000
52575215616
52612659000
52689186504
52744421376
52942050000
53111697408
53250883584
53460000000
53905195008
53993472000
54032656230
54145843200
54522445824
54546923520
54587520000
54647239680
54697781250
54804853125
55078797312
55371093750
55508992000
55640825856
55889222400
56033865720
56153210880
56518705152
56723625000
56771020800
57118752768
57159432000
57421875000
57701597184
58080000000
58109194080
58208772096
58308726784
58368610125
58458510000
58564000000
58611990528
58977196416
59087109375
59369840640
59395538944
59400000000
59691453120
60036284700
60162048000
60449292288
60652800000
60713945604
60719155200
60775312500
61523437500
62099136000
62259200000
62259850800
63026250000
63078400000
63078912000
63510480000
64324590750
64395673600
64550338560
64647159808
64776830976
64953900000
65000000000
65116406250
65399685120
65602068480
65773441071
66000000000
66015627264
66029064192
66323836800
66550000000
66706983000
66725807616
66794291200
66846720000
67392000000
67465728000
67528125000
67600000000
67821895680
68474585088
68999040000
69177612000
69234851840
69448709880
69486440625
69739270326
69793083648
70087680000
70304000000
70341796875
70567200000
70618812250
70711413696
71010680832
71027089650
71471767500
71722598400
72171000000
72342406125
72351562500
72567226368
72574042112
72666316800
72820850688
72891187200
73096888320
73116160000
73330354944
73640706048
73693152000
73894035456
74118870000
74880000000
75450450240
75546995355
75625000000
75766120848
76040806400
76046294016
76576893750
76640878080
76665600000
76822276608
77165233200
77175193600
77519531250
77712588800
77875200000
77953707936
78408000000
78862823424
78918988500
79033779756
79116632064
79413075000
79667546112
79876325376
80190000000
80390625000
80857792512
80990208000
81218764800
81716054175
81783668736
81820385280
81881280000
81970859520
82313810304
82618195968
82721953125
83461238784
83833833600
83852525568
84050798580
84229816320
84778057728
84792049664
85085437500
85156531200
85599453184
85678129152
85739148000
85769322496
85937500000
86132812500
86552395776
87040000000
87120000000
87163791120
87313158144
87687765000
87917985792
88236750000
88309760000
88465794624
89054760960
89100000000
89494132959
89537179680
89758040064
90054427050
90243072000
90673938432
90911539200
90979200000
91070918406
91078732800
91162968750
91174207488
91341421875
91603599360
91627999232
91716911104
92285156250
93073670144
93148704000
93389776200
93512007680
94539375000
94618368000
94633984000
95265720000
95491976085
96825507840
96848656800
97165246464
97281016875
97430850000
98099527680
98403102720
98478515625
98866337150
98949734400
99000000000
99023440896
99043596288
99485755200
99774315520
100060474500
100088711424
100270080000
101088000000
101198592000
101292187500
101363744768
101588393984
101732843520
102539062500
102711877632
103498560000
103766418000
104173064820
104413532288
104689625472
105131520000
105850800000
106067120544
106516021248
106577264640
107105746944
107207651250
107583897600
108256500000
108527343750
108797624320
108850839552
108999475200
109231276032
109336780800
109337116672
109645332480
109995532416
110461059072
110539728000
110841053184
111178305000
111964521321
112320000000
112442880000
112546875000
113175675360
113379904000
113649181272
114069441024
114402475845
114961317120
114998400000
115233414912
115747849800
115810734375
116812800000
116930561904
117612000000
118294235136
118374400000
118378482750
118550669634
118674948096
119119612500
119275520000
119501319168
119537664000
119814488064
120285000000
120570676875
120585937500
121110528000
121286688768
121485312000
121828147200
122119782400
122675503104
122730577920
122821920000
122956289280
123470715456
123531450000
123633664000
123927293952
124046540800
124800000000
125191858176
125750750400
125778788352
125911658925
126076197870
126344724480
127167086592
127219040256
127628156250
127734796800
127776000000
128517193728
128608722000
128840800000
129199218750
129792000000
129828593664
129869436928
130680000000
130745686680
130969737216
131531647500
131876978688
132355125000
132698691936
133143986176
133582141440
133650000000
134305769520
134637060096
134983680000
135364608000
135588119520
136010907648
136193423625
136367308800
136468800000
136618099200
136761311232
137405399040
137869921875
138412872010
138772480000
139723056000
140084664300
140383027200
141048348672
141809062500
141927552000
142898580000
143554687500
143843655680
143986855936
144246308864
145200000000
145238261760
145272985200
145747869696
146146275000
146410000000
147149291520
147604654080
148424601600
148500000000
148535161344
148565394432
149228632800
150090711750
150133067136
150405120000
151632000000
151797888000
151938281250
152235703125
152599265280
153808593750
154067816448
155247840000
155648000000
155649627000
156259597230
156267624249
157034438208
157565625000
157696000000
157697280000
158343364608
158776200000
159100680816
159153293475
159719096320
159774031872
159865896960
160658620416
160989184000
161375846400
162135028125
162273624064
162384750000
162500000000
163276259328
163499212800
163846914048
164005171200
164467998720
164993298624
165000000000
165691588608
165809592000
166261579776
166375000000
166767457500
166985728000
167116800000
168480000000
168664320000
168820312500
169000000000
169323528192
169554739200
169763513040
170331406336
170473771908
170967695360
171104161536
171828314112
172441975680
172497600000
172850122368
172851101696
172872433664
172944030000
173087129600
173621774700
173665157120
175219200000
175395842856
175408070656
175760000000
176418000000
177441352704
178012422144
178679418750
179251978752
179306496000
179721732096
180427500000
180878906250
181665792000
181697249280
181930033152
182227968000
182742220800
182790400000
184013254656
184095866880
184232880000
184434433920
185206073184
185297175000
185890940928
187133067264
187200000000
187787787264
188626125600
188668182528
189062500000
189517086720
190102016000
190670793075
190750629888
190828560384
191602195200
191664000000
191931351040
192763444224
192775790592
192913083000
192937984000
193017890625
194281472000
194688000000
194742890496
196020000000
196118530020
196454605824
197297471250
197706096640
197734965248
197815468032
198532687500
198746710857
199048037904
199915634688
200373212160
200475000000
200951128125
200976562500
201458654280
201955590144
202475520000
203046912000
203382179280
203641847808
204016361472
204080543744
204550963200
204703200000
204927148800
204977209344
205141966848
206108098560
207499396808
207884386304
208819643571
209584584000
209852764875
210126996450
210574540800
211572523008
212713593750
212891328000
214347870000
214843750000
215332031250
217600000000
217689415680
217800000000
217857392640
217909477800
218621804544
218945290240
219219412500
220591875000
220723937280
220774400000
221406981120
221647405056
222636902400
222750000000
222802742016
222848091648
223842949200
224412041216
225199600704
225607680000
226265059328
226989039375
227278848000
227448000000
227696832000
228898897920
229008998400
231101724672
232871760000
233474440500
233780019200
235551657312
236348437500
236545920000
236584960000
237296943104
237376634880
237515046912
238164300000
238651021224
239661047808
239798845440
240987930624
242063769600
242121642000
242321981440
243577125000
244914388992
245248819200
245770371072
246007756800
246701998080
247374336000
247489947936
247500000000
248537382912
248714388000
249392369664
249435788800
250151186250
250675200000
252720000000
252996480000
253230468750
253726171875
253985292288
254332108800
254645269560
255710657862
256347656250
256656242304
257742471168
258662963520
258746400000
259275183552
259416045000
260432662050
262828800000
263093764284
264627000000
265255489125
266162029056
266443161600
266939110305
267018633216
268663521280
268877968128
268959744000
269582598144
270225046875
270641250000
271994060800
272498688000
272545873920
272895049728
273341952000
274113331200
276019881984
276085866496
276143800320
276349320000
276651650880
277809109776
277945762500
278836411392
279155245056
280699600896
280800000000
281107200000
281367187500
281681680896
282939188400
283002273792
283449760000
284275630080
285018244641
285311670611
286125944832
286242840576
287403292800
287496000000
289145166336
289163685888
289369624500
292032000000
292114335744
293483839488
294030000000
294177795030
294681908736
295936000000
296723202048
296772173824
297799031250
298188800000
298572056856
298844160000
299598086144
299873452032
300559818240
300712500000
301464843750
302187981420
302776320000
302933385216
303713280000
304570368000
305073268920
305299456000
305462771712
306024542208
306826444800
307054800000
307390723200
307465814016
307712950272
308828625000
309084160000
309099233280
309162147840
310116352000
312000000000
314153140224
314376876000
314457980928
315861811200
317358784512
317784655125
319109726208
319336992000
319440000000
320612597760
320697997312
321009188864
321521805000
322102000000
322521006080
324480000000
325757845504
326534123520
326700000000
326786088960
326864216700
327292026880
327370313205
327932706816
328145154183
328829118750
330887812500
331085905920
332110471680
332471107584
333955353600
334125000000
334204113024
334272137472
334918546875
335693359375
335764423800
337459200000
337799401056
338411520000
338970298800
340918272000
341172000000
341545248000
343348346880
343513497600
346652587008
346931200000
349307640000
349754608125
350137245645
350211660750
350957568000
353327485968
354522656250
354818880000
355005890560
355559378944
356064952320
356272570368
357246450000
357976531836
358886718750
359491571712
359609139200
359698268160
361481895936
363000000000
363095654400
363182463000
364995870720
365365687500
366025000000
367371583488
367873228800
368655556608
369011635200
370052997120
370440929280
371061504000
371234921904
371250000000
372806074368
373020426240
373071582000
373662154752
374088554496
374870114304
376012800000
378315065625
379080000000
379494720000
380791685120
380977938432
381498163200
381967904340
382679908352
384984363456
386613706752
387994445280
388119600000
388912775328
389120000000
389124067500
393914062500
394240000000
394243200000
394640646426
396940500000
399157231616
399243043584
399297740800
399664742400
400527949824
402472960000
403316952192
403439616000
404373897216
405961875000
406250000000
408748032000
408818810880
409342574592
410012928000
411169996800
412500000000
414029822976
414215700480
414523980000
414977476320
415937500000
416713664664
416918643750
417464320000
417792000000
418254617088
418732867584
421049401344
421200000000
421660800000
422050781250
422500000000
422522521344
422876953125
423886848000
424408782600
424503410688
426413445120
426678157312
427419238400
429188917248
429364260864
431104939200
431244000000
432360075000
432717824000
433717749504
433745528832
434054436750
434162892800
438048000000
438171503616
439400000000
440225759232
441045000000
442022863104
442092481875
444898517175
445084803072
445266640896
447858085284
448266240000
449810178048
450839727360
451068750000
451508436992
452725956672
453281972130
454164480000
454243123200
454400077824
454543029248
455569920000
456855552000
456976000000
457609903380
458194157568
459036813312
460239667200
460582200000
461086084800
461198721024
461569425408
463242937500
463648849920
463743221760
468000000000
471229710336
471565314000
471686971392
471731273728
472656250000
473792716800
474558418320
475255040000
476038176768
478664589312
479005488000
479160000000
479828377600
480918896640
482282707500
482344960000
485703680000
486720000000
487245834999
489801185280
490050000000
490179133440
490296325050
491899060224
493669220352
494265241600
496331718750
496628858880
498165707520
498706661376
500933030400
501187500000
501306169536
501408206208
502441406250
503646635700
503953995776
504862081024
506188800000
506699101584
507617280000
508455448200
511377408000
511758000000
512317872000
515022520320
515270246400
519978880512
523961460000
526436352000
529641091875
529991228952
532228320000
534097428480
534408855552
535869675000
536964797754
537109375000
539237357568
539547402240
542222843904
544000000000
544223539200
544500000000
544643481600
544773694500
545617188675
547363225600
547493806080
548048531250
548758735360
551057375232
551479687500
551809843200
551936000000
552983334912
553517452800
555079495680
555661393920
556592256000
556852382856
556875000000
557500596224
558197578125
558736166912
559016837120
559209111552
559530639360
559607373000
560493232128
561132831744
562305171456
564019200000
568197120000
568620000000
569242080000
571466907648
572247244800
572522496000
572951856510
572981288913
577476545184
579920560128
581991667920
582179400000
582924346875
583369162992
583562076075
583686101250
584450048000
586174955520
586869112832
590871093750
591364800000
591462400000
592632348672
593441587200
595410750000
595423395840
596159922176
598386933760
598864565376
599497113600
600791924736
601399099392
602369163264
604975428288
604978855936
605053517824
605159424000
605304105000
605804953600
606560845824
607828049920
608942812500
612385161216
613122048000
613228216320
613928247296
614013861888
615019392000
616754995200
618435840000
618750000000
621044734464
621323550720
621785970000
622466214480
622857924045
623589472000
625070496996
626688000000
627381925632
628099301376
631574102016
631800000000
632491200000
633783782016
634465620819
635830272000
636613173900
636755116032
639620167680
643783375872
644046391296
646657408800
646866000000
648540112500
650576624256
650618293248
657072000000
657257255424
658864340992
660338638848
661567500000
663034294656
666107904000
667627204608
667899961344
671658803200
671787127926
672399360000
674715267072
676259591040
676603125000
678687959872
679088935008
679985152000
681246720000
681364684800
681600116736
683354880000
685283328000
686414855070
687291236352
688555219968
690359500800
690873300000
691629127200
691798081536
692354138112
694864406250
695473274880
695614832640
699704721408
702000000000
702768000000
703417968750
704794921875
706844565504
707347971000
707530457088
708624400000
710689075200
711837627480
712746467328
714038312960
714057265152
714281903104
717996883968
718508232000
718740000000
721378344960
723424061250
727595352064
730080000000
734701777920
735075000000
735268700160
736820803125
737848590336
738525390625
739840000000
740503830528
741497528625
744943288320
745472000000
747110400000
747248561280
748059992064
751399545600
751781250000
751959254304
752112309312
755469953550
756940800000
759283200000
760048652376
761425920000
762683172300
763248640000
765672026427
767066112000
767637000000
768476808000
772071562500
772533780480
772710400000
772748083200
772905369600
775290880000
775765917696
779968320768
780000000000
785942190000
789654528000
791927707648
794986843428
798342480000
798600000000
801146142720
801531494400
801613283328
803804512500
805255000000
805524471808
806302515200
808856036352
809321103360
811200000000
813334265856
816335308800
816750000000
816965222400
817160541750
818230067200
821240709120
826586062848
827219531250
827714764800
829475002368
830276179200
830818222080
832619243520
833492090880
834888384000
835278574284
835312500000
838813667328
839295959040
839411059500
840739848192
841699247616
843457757184
843648000000
846028800000
847425747000
848126935040
852295680000
852930000000
853863120000
857200361472
858370867200
858783744000
866214817776
867328000000
869880840192
870888505344
872987501880
873269100000
875053744488
877393920000
879262433280
887047200000
887514726400
888948523008
890162380800
893116125000
893135093760
898296848064
899022848000
899245670400
901187887104
902098649088
903553744896
907463142432
907500000000
907739136000
907956157500
909361981125
909841268736
912489676800
913414218750
915062500000
918577741824
919683072000
919842324480
921020792832
922529088000
925132492800
926102323200
927653760000
928125000000
930329296875
931567101696
931985326080
932551065600
932678955000
933699321720
937605745494
940032000000
940322324480
941072888448
942148952064
947361153024
947700000000
948736800000
950675673024
951892141473
951979212800
953745408000
954919760850
955132674048
959430251520
965675063808
966069586944
969986113200
970299000000
971540578125
972603460125
972800000000
972810168750
975864936384
975927439872
984785156250
985600000000
985608000000
985885883136
990507958272
992351250000
994551441984
998244352000
999161856000
1001440806912
1001849942016
1006182400000
1008599040000
1012072900608
1014389386560
1014904687500
1015625000000
1017504595968
1018633402512
1021870080000
1022047027200
1022400175104
1025032320000
1027193438208
1027924992000
1029231869952
1030936854528
1031250000000
1032832829952
1035539251200
1036309950000
1037443690800
1037697122304
1038096540075
1038531207168
1038702608384
1039843750000
1043209912320
1043422248960
1043660800000
1044480000000
1048593301504
1049557082112
1053000000000
1054152000000
1055622430720
1056250000000
1059717120000
1060266848256
1060856922112
1061021956500
1061295685632
1066033612800
1067756441220
1068548096000
1069119700992
1071085897728
1074815565824
1076995325952
1077762348000
1078110000000
1080900187500
1081794560000
1082067517440
1085407232000
1095120000000
1098500000000
1099535990784
1100602933248
1102052666880
1102612500000
1102903050240
1106772885504
1107154141184
1110755745792
1116884041728
1117414932480
1120665600000
1120872841920
1122089988096
1122144092160
1122442990592
1123532161024
1127099318400
1127671875000
1127938881456
1128168463968
1128823521280
1135411200000
1135607808000
1136906948331
1138924800000
1140072978564
1140152459264
1141246682444
1142138880000
1142440000000
1144024758450
1145522094080
1150599168000
1151455500000
1152715212000
1158107343750
1158800670720
1159122124800
1159358054400
1163648876544
1169952481152
1170000000000
1174658203125
1178913285000
1181640625000
1184481792000
1186396045800
1188137600000
1192480265142
1197291786240
1197513720000
1197900000000
1199570944000
1201719214080
1202297241600
1202419924992
1203198898671
1205706768750
1205862400000
1213284054528
1213981655040
1214259200000
1216364937216
1216800000000
1219060727808
1220001398784
1224502963200
1225125000000
1225447833600
1226093625344
1228034671875
1231861063680
1234266226688
1235079060111
1235663104000
1239879094272
1241572147200
1244212503552
1244457826304
1245414268800
1246227333120
1247553781760
1248928865280
1250238136320
1252332576000
1252917861426
1252962387456
1252968750000
1258220500992
1258729168761
1258943938560
1259116589250
1261109772288
1262548871424
1265186635776
1265472000000
1269043200000
1271138620500
1278443520000
1279395000000
1280794680000
1283836567365
1285089628160
1285800542208
1287556300800
1288175616000
1299322226664
1304821260288
1305571491840
1306332758016
1309481252820
1309903650000
1312045400064
1312580616732
1316090880000
1318893649920
1330570800000
1332770897920
1333422784512
1335243571200
1339379679232
1339674187500
1339702640640
1342773437500
1347445272096
1348868505600
1351781830656
1353147973632
1355330617344
1357612318720
1360000000000
1360558848000
1361194713648
1361250000000
1361608704000
1361934236250
1364761903104
1366514728960
1368408064000
1368734515200
1371896838400
1377866612736
1378699218750
1379524608000
1379763486720
1379840000000
1381531189248
1383793632000
1387698739200
1389153484800
1391480640000
1392187500000
1397350652544
1397542092800
1397977989120
1398826598400
1399018432500
1400548982580
1410048000000
1411609332672
1413223428096
1418604690555
1420492800000
1421041729536
1421550000000
1423105200000
1426013509536
1430618112000
1431306240000
1432699011072
1439145377280
1448512595712
1449104380416
1453335156105
1454979169800
1455448500000
1461125120000
1463797404576
1463891159808
1465437388800
1477649367040
1478412000000
1478656000000
1478828824704
1483603968000
1485761937408
1488526875000
1488558489600
1491827162976
1495967334400
1498742784000
1502161210368
1502774913024
1512898560000
1513260262500
1514512384000
1515603301875
1518109350912
1518472265728
1519570124800
1521584079840
1522357031250
1526256893952
1527950103768
1532805120000
1533070540800
1533600262656
1537548480000
1540790157312
1541599428608
1541887488000
1542430130176
1543847804928
1546089600000
1546405281792
1546875000000
1549249244928
1550548828125
1553308876800
1554464925000
1556165536200
1556545683456
1557796810752
1558433243136
1558973680000
1564814868480
1565133373440
1566720000000
1574335623168
1579500000000
1581228000000
1589575680000
1590400272384
1590900602368
1591532934750
1591943528448
1597727834112
1599050419200
1601634661830
1603679551488
1606628846592
1615492988928
1616643522000
1617165000000
1619234296875
1621005766875
1621350281250
1623101276160
1624755859375
1642680000000
1649303986176
1650904399872
1653079000320
1653918750000
1654354575360
1660159328256
1660954464120
1665269760000
1666133618688
1675326062592
1676122398720
1679147008000
1680747204608
1680998400000
1681309262880
1683134982144
1683216138240
1690648977600
1691507812500
1691908322184
1692252695952
1699962880000
1703116800000
1703411712000
1708387200000
1710109467846
1713208320000
1725898752000
1726123868160
1727183250000
1727842271232
1729072818000
1730955706368
1738201006080
1738683187200
1739037081600
1745473314816
1754928721728
1755000000000
1756920000000
1763838985216
1767017283584
1768369927500
1771561000000
1776722688000
1779594068700
1785095782400
1786568061663
1795937679360
1796270580000
1796850000000
1802578821120
1803445862400
1803629887488
1819926081792
1820972482560
1824547405824
1825200000000
1828591091712
1830002098176
1836754444800
1837687500000
1838171750400
1847791595520
1849600000000
1859818641408
1861034967040
1862358220800
1863680000000
1866318755328
1867776000000
1868121403200
1869340999680
1873393297920
1875357204480
1878498864000
1879443581184
1879453125000
1887330751488
1888415907840
1891664658432
1892352000000
1893823307136
1897779953664
1898208000000
1903564800000
1906707930750
1908121600000
1916629155840
1917665280000
1919092500000
1921192020000
1928700813312
1930178906250
1931334451200
1931776000000
1931870208000
1932263424000
1938227200000
1947283488768
1948983339996
1950000000000
1955576584192
1956558929920
1957231890432
1957763671875
1958357237760
1959499137024
1964221879230
1964855475000
1968068100096
1968870925098
1974136320000
1978340474880
1988032987136
1995856200000
1996500000000
2000134176768
2002865356800
2003828736000
2009511281250
2009553960960
2013137500000
2015756288000
2017024016384
2021167908144
2023302758400
2027672745984
2028000000000
2029721960448
2032995926016
2040838272000
2041792070472
2041875000000
2042413056000
2043976876032
2045575168000
2046724453125
2047142854656
2051612344320
2053101772800
2063731785728
2066799919104
2069286912000
2069645230080
2072296783872
2074213220352
2074469203968
2075690448000
2077045555200
2081548108800
2083730227200
2083981885440
2086559727616
2087220960000
2088281250000
2094354268160
2096025978816
2096386539520
2096966983680
2098239897600
2098527648750
2100823473870
2100931392681
2104896847872
2109120000000
2115072000000
2117413999008
2117425995776
2117687312384
2118564367500
2119835142144
2120317337600
2127398174720
2130739200000
2131562594304
2131914391552
2132325000000
2134657800000
2139020264304
2139727612275
2145927168000
2146959360000
2148748865536
2149048516608
2158718065920
2168320000000
2172768893568
2173656570624
2182468754700
2183172750000
2193484800000
2195364773888
2195696106864
2195836739712
2198156083200
2217618000000
2218243237056
2218786816000
2221081663437
2225405952000
2228642906112
2232790312500
2232837734400
2237740744464
2247557120000
2248114176000
2253241815552
2254162369536
2268750000000
2269347840000
2269890393750
2277164026368
2281224192000
2282376119760
2287656250000
2289385340928
2291925155652
2299207680000
2299605811200
2300400393984
2303176212480
2306322720000
2311185235968
2312831232000
2315255808000
2315771707392
2319134400000
2319607922688
2320312500000
2323873867392
2329963315200
2331377664000
2331697387500
2334248304300
2334818525184
2336695216128
2337649864704
2346729865216
2347222302720
2347700060160
2350080000000
2350805811200
2361503434752
2364341150925
2369250000000
2371842000000
2372473159680
2372819582976
2379948032000
2384363520000
2385600408576
2387915292672
2396591751168
2398575628800
2405519327232
2409943269888
2423239483392
2424965283000
2425747500000
2432000000000
2434651914240
2448966524928
2464000000000
2464020000000
2473955979264
2476356599808
2479618500480
2480878125000
2481531863040
2489992761696
2490238992384
2491081031680
2491431696180
2494612635648
2495610880000
2497904640000
2499134095360
2499200428032
2499986660864
2512989093888
2514183598080
2515456000000
2521497600000
2521963894320
2524702473216
2524824207360
2526005503125
2535973466400
2537261718750
2537862483276
2538379043928
2539062500000
2546583732224
2554675200000
2555117568000
2562580800000
2569812480000
2578125000000
2584248046875
2588848128000
2589185802240
2590774875000
2591763406848
2593609227000
2594522005504
2596433559552
2599609375000
2607301509120
2608024780800
2608555622400
2609152000000
2611200000000
2618209972224
2627343482880
2632393082592
2632500000000
2635380000000
2639056076800
2640625000000
2649292800000
2652554891250
2652782879439
2665084032000
2669391103050
2671370240000
2692944494592
2693906519040
2694405870000
2695275000000
2698723828125
2701676278125
2702250468750
2703868231680
2704486400000
2705168793600
2705444831232
2713518080000
2715180711936
2729889122688
2731458723840
2736821108736
2737800000000
2742886637568
2745003147264
2746250000000
2755131667200
2756531250000
2757257625600
2771687393280
2771746976768
2789727962112
2793537331200
2799478132992
2801664000000
2802182104800
2804011499520
2805360230400
2807464096899
2810089946880
2813035806720
2817748296000
2819165371776
2819179687500
2819335651328
2822058803200
2830996127232
2832623861760
2837496987648
2838528000000
2839019520000
2840734960704
2846669930496
2847312000000
2847563317248
2855347200000
2856100000000
2863805235200
2874943733760
2876497920000
2878638750000
2881788030000
2893051219968
2897001676800
2897805312000
2898395136000
2907863777280
2920925233152
2923475009994
2925000000000
2935847835648
2937535856640
2939248705536
2947283212500
2952102150144
2954101562500
2961204480000
2965990114500
2967510712320
2968444272640
2970344000000
2993229465600
2993784300000
2994750000000
2998927360000
3000201265152
3004298035200
3005743104000
3014330941440
3014656000000
3018173044480
3031751862216
3034954137600
3035648000000
3041509118976
3042000000000
3044582940672
3049493889024
3061257408000
3062688105708
3062812500000
3063619584000
3065965314048
3066253279232
3070714281984
3073048918016
3077418516480
3079652659200
3089157760000
3100199878656
3103930368000
3104467845120
3108445175808
3111319830528
3111703805952
3113535672000
3115568332800
3118884454400
3122322163200
3125595340800
3125972828160
3130831440000
3132421875000
3144038968224
3145450475520
3147359846400
3157345271808
3163680000000
3172608000000
3176120998512
3177846551250
3179752713216
3196108800000
3197343891456
3198487500000
3201986700000
3208530396456
3212724070400
3218890752000
3220439040000
3223572774912
3223962255360
3238077098880
3259153340352
3260484855936
3262939453125
3263928729600
3273703132050
3274759125000
3290227200000
3291128135680
3293544160296
3293755109568
3297234124800
3313030397952
3326427000000
3327364855584
3331927244800
3338108928000
3342964359168
3349185468750
3349256601600
3356611116696
3356933593750
3372171264000
3379862723328
3381243554304
3394030796800
3400000000000
3401397120000
3403125000000
3404021760000
3411207421875
3415746039552
3416286822400
3421020160000
3421836288000
3423564179640
3429742096000
3434078011392
3437887733478
3448811520000
3449408716800
3449600000000
3450600590976
3454764318720
3459484080000
3466777853952
3469246848000
3472883712000
3473657561088
3478701600000
3479411884032
3480468750000
3485810801088
3493855232000
3494944972800
3497066496000
3497546081250
3501372456450
3502227787776
3505042824192
3506474797056
3520833454080
3521550090240
3525120000000
3542255152128
3551232000000
3553875000000
3557763000000
3558709739520
3559229374464
3561266085888
3566212687125
3574462890625
3576545280000
3578265600000
3578400612864
3581872939008
3594887626752
3595177033728
3595305184641
3597863443200
3608278990848
3614914904832
3623753875456
3626764337152
3634859225088
3635459129344
3637447924500
3638621250000
3651977871360
3652812800000
3663593472000
3670076555264
3673449787392
3694123417600
3696030000000
3696640000000
3709009920000
3710933968896
3714534899712
3719427750720
3721317187500
3721396224000
3722297794560
3734989142544
3735358488576
3737147544270
3739918336000
3741918953472
3746856960000
3748800642048
3761854480384
3769483640832
3771275397120
3782246400000
3782945841480
3783150656250
3786280960000
3787053709824
3787236311040
3798925312000
3803960199600
3806793724914
3807568565892
3832012800000
3832676352000
3843871200000
3848375967744
3852110266368
3854718720000
3865224000000
3867187500000
3870252072960
3875039494144
3883272192000
3883778703360
3886162312500
3887645110272
3890413840500
3894650339328
3897434200000
3909094146048
3910952263680
3912037171200
3912833433600
3916800000000
3927314958336
3927504322560
3928550467072
3932362563584
3940568584875
3941015224320
3948589623888
3948750000000
3950882324480
3953070000000
3973939200000
3990533607424
3997626048000
4009327329280
4015794421760
4039416741888
4040859778560
4041608805000
4042912500000
4055802347520
4057753190400
4058167246848
4072771067904
4082567741440
4094833684032
4097188085760
4105231663104
4106700000000
4114329956352
4117504720896
4124865946383
4132697500800
4134796875000
4135886438400
4152386160300
4157531089920
4163174400000
4168658810547
4184591943168
4190305996800
4197867520000
4199217199488
4202496000000
4203273157200
4206017249280
4208040345600
4210009171875
4215134920320
4219553710080
4226622444000
4228748057664
4228769531250
4246494190848
4248935792640
4249907200000
4256245481472
4257792000000
4258529280000
4260070686720
4261102441056
4266712547328
4270004895744
4270968000000
4271344975872
4282618216448
4283020800000
4291327688704
4307080078125
4312415600640
4314746880000
4315309670400
4317958125000
4322682045000
4339576829952
4345502515200
4346506903552
4346707968000
4347592704000
4355602392064
4361795665920
4381387849728
4387500000000
4392300000000
4403771753472
4406303784960
4408873058304
4411471739168
4411729295127
4420924818750
4428153225216
4428902500000
4441806720000
4448985171750
4451266068480
4462739456000
4489844198400
4490676450000
4492125000000
4497873046875
4500301897728
4502793796875
4506447052800
4508614656000
4521496412160
4547627793324
4552431206400
4562263678464
4563000000000
4566874411008
4569500221440
4574240833536
4591886112000
4592158900224
4594032158562
4594218750000
4595429376000
4598947971072
4606071422976
4616127774720
4619478988800
4624000000000
4650299817984
4652587417600
4655895552000
4656701767680
4659200000000
4662667763712
4664698142720
4666979745792
4667555708928
4669440000000
4670303508000
4673352499200
4683483244800
4687828877312
4688393011200
4688959242240
4696247160000
4698632812500
4707400747005
4716058452336
4718175713280
4721039769600
4730880000000
4736017907712
4745520000000
4751643115520
4758912000000
4764181497768
4769629069824
4770304000000
4789886779392
4791572889600
4794163200000
4796015837184
4797731250000
4802980050000
4812795594684
4828336128000
4829440000000
4829675520000
4830658560000
4835359162368
4835943383040
4845568000000
4857115648320
4875000000000
4888730010528
4890727283904
4891397324800
4895893094400
4912138687500
4935340800000
4940316240444
4940632664352
4945851187200
4969545596928
4989640500000
4991047283376
4991250000000
5007163392000
5009571840000
5014446538752
5023884902400
5032843750000
5034916675044
5039390720000
5058256896000
5069794084992
5070000000000
5071865331456
5102095680000
5104687500000
5106032640000
5113937920000
5120137887744
5123619059328
5129030860800
5132754432000
5135346269460
5151117017088
5171772784640
5173217280000
5174113075200
5175900886464
5182146478080
5182523881353
5189226120000
5192613888000
5200166780928
5203870272000
5209325568000
5209954713600
5210486341632
5218052400000
5219117826048
5220703125000
5228716201632
5235885670400
5240966348800
5242417459200
5245599744000
5253341681664
5257564236288
5259712195584
5272800000000
5281250181120
5282325135360
5287680000000
5296410918750
5300793344000
5313382728192
5318495436800
5326848000000
5330812500000
5336644500000
5338064609280
5338844061696
5341899128832
5352009260481
5364817920000
5367398400000
5367600919296
5372809408512
5392331440128
5392765550592
5396795164800
5412418486272
5418101243904
5420800000000
5422372357248
5438232421875
5452288837632
5454516350976
5456171886750
5457931875000
5477966807040
5483712000000
5495390208000
5510174681088
5544045000000
5546967040000
5563514880000
5566400953344
5568152108288
5571802349568
5579141626080
5581975781250
5582094336000
5583446691840
5602483713816
5603037732864
5612878430208
5618892800000
5620285440000
5623200963072
5654225461248
5656913095680
5660775284736
5671875000000
5673369600000
5674418762220
5680580564736
5680854466560
5685345703125
5703060480000
5705940299400
5711352848838
5719140625000
5748019200000
5749014528000
5757940531200
5765806800000
5772563951616
5778165399552
5782078080000
5788139520000
5797836000000
5800781250000
5805378109440
5805923368960
5813340624420
5824908288000
5825668055040
5828444160000
5829243468750
5831467665408
5835620760750
5841975508992
5863641219072
5866428395520
5868055756800
5869250150400
5875200000000
5877014528000
5890972437504
5891256483840
5911485612032
5911522836480
5922884435832
5923125000000
5929605000000
5931182899200
5943687811875
5949870080000
5960908800000
5996439072000
6047447949312
6058344972288
6059125112832
6061289667840
6062413207500
6064368750000
6080000000000
6083703521280
6086629785600
6087250870272
6109156601856
6142250526048
6145782128640
6147286992405
6157847494656
6160000000000
6160050000000
6171494934528
6173436448256
6176257081344
6184560492544
6189826718691
6199046251200
6202195312500
6203829657600
6227702579200
6228579240450
6236296634880
6239027200000
6244761600000
6247835238400
6276856753442
6276887914752
6285458995200
6288640000000
6298825799232
6303744000000
6304909735800
6309025873920
6312060518400
6322702380480
6329330565120
6339933666000
6343122086496
6347656250000
6369741286272
6373403688960
6384368222208
6386688000000
6387793920000
6390106030080
6391653661584
6400068820992
6405007343616
6406452000000
6407017463808
6424531200000
6445312500000
6468623400960
6472120320000
6472964505600
6476937187500
6484023067500
6499023437500
6509365244928
6518253772800
6520061952000
6521389056000
6522880000000
6528000000000
6542693498880
6546872336384
6550749559431
6567614308125
6568358707200
6572081774592
6581250000000
6585104824320
6588450000000
6597640192000
6601562500000
6605657630208
6609455677440
6613309587456
6623232000000
6642229837824
6662710080000
6676899102720
6678425600000
6690007154688
6704834002944
6708202045440
6734766297600
6736014675000
6738187500000
6748994797568
6750452846592
6759670579200
6761216000000
6762921984000
6782244618240
6783363973120
6783795200000
6788464246784
6821441689986
6828646809600
6843395517696
6844500000000
6844518044672
6847956254720
6850311616512
6854250332160
6861361250304
6861545799680
6865625000000
6887829168000
6888238350336
6891328125000
6893144064000
6895569993728
6898421956608
6909107134464
6924191662080
6929218483200
6958115454976
6975449726976
6983843328000
6985052651520
6986301177856
6994001645568
7000469618688
7001333563392
7004160000000
7005455262000
7010028748800
7013400576000
7016681953125
7025224867200
7032589516800
7033438863360
7042429353984
7044370740000
7047949218750
7055147008000
7074087678504
7077263569920
7081559654400
7096320000000
7097548800000
7104026861568
7118280000000
7138368000000
7140250000000
7146272246652
7153919066112
7154443604736
7159513088000
7178466796875
7180643205120
7184830169088
7187359334400
7191244800000
7194023755776
7196501917696
7196596875000
7204470075000
7219193392026
7242504192000
7244513280000
7245987840000
7253038743552
7253915074560
7259746271232
7260642213888
7269659443200
7285673472480
7293936599040
7302959046656
7312500000000
7330239938560
7333095015792
7336090925856
7337352888320
7343839641600
7367138967552
7368208031250
7385253906250
7403011200000
7410474360666
7410948996528
7410990985216
7411905593344
7414975286250
7418776780800
7421110681600
7425860000000
7445893611520
7454318395392
7483073664000
7484460750000
7486570925064
7486875000000
7496455078125
7497318400000
7504656328125
7510745088000
7514357760000
7520621029376
7521669808128
7535827353600
7536640000000
7545432611200
7552375012566
7587385344000
7589120000000
7604691127488
7605000000000
7607797997184
7652482482176
7653143520000
7657031250000
7659048960000
7680206831616
7685428588992
7693546291200
7699131648000
7703019404190
7703415106497
7722894400000
7726675525632
7759825920000
7761169612800
7763851329696
7773219717120
7783839180000
7788920832000
7797211136000
7800250171392
7805805408000
7813988352000
7814932070400
7815729512448
7827078600000
7828676739072
7831054687500
7843074302448
7845667911675
7863626188800
7863818359375
7868399616000
7880012522496
7886346354432
7889568293376
7906372091904
7909200000000
7921875271680
7923487703040
7931520000000
7970074092288
7971951402153
7990272000000
7996218750000
8002170200295
8004966750000
8007096913920
8008266092544
8012848693248
8031810176000
8047226880000
8051097600000
8051401378944
8059214112768
8059905638400
8088497160192
8089148325888
8095192747200
8109099581440
8118627729408
8127071518720
8127151865856
8133558535872
8144255518464
8159821824000
8178433256448
8181774526464
8186897812500
8216950210560
8225568000000
8227820339200
8243085312000
8265262021632
8316067500000
8329818112000
8345272320000
8349601430016
8351597461504
8353082583040
8357703524352
8368712439120
8373141504000
8375170037760
8403725570724
8404556599296
8419317645312
8430428160000
8434801444608
8481338191872
8485076992000
8485369643520
8491162927104
8500000000000
8503492800000
8507812500000
8510054400000
8511628143330
8520870847104
8521281699840
8540717056000
8552550400000
8554590720000
8558910449100
8568459755520
8571382837248
8574355240000
8622028800000
8623521792000
8624000000000
8636910796800
8648710200000
8658845927424
8667248099328
8673117120000
8682209280000
8696754000000
8701171875000
8708067164160
8720010936630
8731144224768
8734638080000
8737362432000
8738502082560
8742666240000
8746969333760
8747201498112
8749953313024
8762963263488
8795461828608
8799642593280
8802083635200
8803875225600
8812800000000
8836458656256
8836884725760
8867284254720
8878080000000
8884326653748
8884687500000
8894407500000
8896774348800
8913043062784
8941363200000
8945664000000
8994658608000
9063720703125
9071171923968
9087517458432
9088687669248
9091934501760
9093619811250
9096553125000
9125555281920
9129944678400
9130876305408
9132032000000
9158983680000
9163734902784
9213375789072
9218673192960
9235308544000
9236771241984
9240075000000
9241600000000
9257242401792
9264385622016
9272524800000
9298569376800
9303292968750
9303490560000
9305744486400
9349795840000
9354444952320
9367142400000
9415331872128
9428188492800
9448238698848
9455616000000
9457364603700
9463538810880
9465702400000
9468090777600
9475576171875
9484053570720
9493995847680
9497313280000
9503132491776
9509900499000
9514683129744
9554611929408
9560105533440
9576552333312
9580032000000
9581690880000
9585159045120
9587480492376
9600103231488
9607511015424
9609678000000
9610526195712
9624687208227
9636796800000
9663060000000
9666293661696
9667968750000
9675630182400
9701114418688
9702935101440
9708180480000
9709446758400
9715405781250
9726034601250
9726870557943
9743585500000
9764047867392
9777380659200
9780092928000
9782083584000
9792000000000
9814040248320
9818760806400
9852538060800
9858122661888
9867674779648
9871875000000
9877205811200
9877657236480
9882675000000
9906146353125
9908486445312
9914183516160
9918212890625
9919964381184
9934848000000
9963344756736
9994065120000
10015348654080
10023318323200
10025795846144
10035010732032
10039486054400
10057251004416
10062303068160
10078140760064
10102149446400
10104022012500
10107281250000
10125679269888
10139505868800
10144382976000
10170482556928
10173366927360
10177523220480
10206419353600
10242970214400
10245478320675
10265093276544
10266750000000
10275467424768
10281375498240
10292041875456
10294035021963
10331743752000
10332357525504
10336992187500
10339716096000
10347632934912
10363660701696
10380965400750
10386287493120
10389554954240
10393827724800
10407936000000
10421795815424
10463174590464
10475764992000
10477578977280
10491002468352
10494668800000
10500704428032
10502000345088
10506240000000
10508182893000
10515043123200
10520100864000
10537837300800
10548884275200
10550158295040
10563644030976
10566556110000
10611131517756
10615895354880
10622339481600
10624768000000
10644480000000
10646323200000
10650176716800
10651518894080
10656040292352
10677420000000
10707552000000
10719408369978
10730878599168
10731665407104
10755671213056
10770964807680
10777245253632
10781039001600
10786867200000
10788274176000
10791035633664
10794895312500
10806705112500
10863756288000
10866769920000
10868981760000
10879558115328
10880872611840
10889619406848
10890963320832
10904489164800
10928510208720
10940904898560
10946023846875
10968750000000
10980750000000
10999642523688
11004136388784
11015759462400
11050708451328
11072256250000
11104516800000
11116423494792
11128165171200
11156848640000
11181477593088
11224610496000
11226691125000
11229856387596
11230312500000
11266117632000
11271536640000
11282504712192
11283867893760
11303741030400
11381078016000
11407036691232
11407500000000
11411696995776
11423750553600
11479715280000
11485546875000
11488573440000
11518948474880
11520310247424
11528142883488
11539704709120
11540319436800
11548697472000
11560000000000
11590013288448
11631468544000
11639738880000
11641754419200
11645776994544
11648000000000
11659829575680
11661745356800
11673600000000
11675758770000
11683381248000
11694469921875
11700375257088
11708708112000
11720982528000
11722398105600
11723594268672
11725529153536
11740617900000
11743015108608
11746582031250
11764611453672
11795439283200
11802599424000
11820018783744
11827200000000
11829519531648
11834352440064
11859558137856
11863800000000
11879107788800
11882812907520
11885231554560
11897280000000
11925760000000
11955111138432
11964111328125
11978932224000
11985408000000
11994328125000
12007450125000
12010645370880
12012399138816
12019273039872
12070840320000
12073600000000
12074188800000
12074506256384
12076646400000
12077102068416
12088821169152
12089858457600
12092555723157
12113920000000
12132745740288
12133722488832
12142789120800
12177941594112
12187500000000
12190727798784
12200337803808
12216383277696
12228493312000
12239732736000
12267649884672
12272661789696
12280346718750
12325425315840
12338352000000
12364627968000
12397893032448
12464431300608
12474101250000
12478125000000
12494091796875
12507760546875
12517908480000
12523929600000
12524402145024
12536555286528
12553068658680
12559712256000
12562755056640
12582109375000
12583119618048
12598476800000
12605588356086
12606834898944
12628976467968
12645642240000
12652202166912
12667469168640
12675000000000
12722007287808
12724106952704
12728054465280
12730283065344
12736744390656
12755239200000
12761718750000
12765081600000
12781306270656
12781922549760
12784844800000
12822577152000
12831886080000
12838365673650
12845267943424
12852689633280
12857074255872
12897786789888
12907014258688
12929431961600
12933043200000
12935282688000
12955366195200
12973065300000
12981534720000
12981889925120
12988268891136
13000872148992
13009675680000
13023313920000
13024886784000
13045131000000
13051757812500
13062100746240
13076113186125
13089714176000
13096716337152
13102415872000
13106043648000
13107753123840
13110656106496
13113999360000
13120802247168
13144444895232
13166490681344
13182000000000
13193192742912
13199463889920
13203125452800
13205812838400
13219200000000
13251983360000
13254687984384
13255327088640
13285849694208
13296238592000
13300926382080
13317120000000
13326489980622
13327031250000
13336950333825
13341611250000
13345161523200
13412044800000
13418496000000
13469315887104
13482385932288
13491987912000
13545882255360
13552000000000
13562638229504
13606757885952
13626512506880
13631276187648
13633031503872
13637901752640
13644829687500
13681829511168
13688332922880
13694917017600
13694960189328
13696314458112
13709280000000
13738475520000
13745602354176
13746265128960
13749926634752
13763268972544
13820063683608
13828009789440
13828088135680
13829794693120
13855156862976
13860112500000
13867417600000
13885863602688
13896578433024
13908787200000
13947854065200
13950053777408
13955235840000
13958616729600
13966867625984
14031667428480
14032645652480
14047232000000
14050713600000
14122997808192
14142282739200
14172358048272
14179687500000
14183424000000
14186046905550
14195308216320
14202136166400
14226080356080
14240993771520
14254698737664
14257651200000
14264850748500
14269871030272
14272024694616
14286351239168
14297851562500
14331917894112
14340158300160
14364828499968
14370048000000
14372536320000
14377738567680
14381220738564
14394851328000
14400154847232
14411266523136
14414517000000
14415789293568
14442929010279
14455195200000
14470348800000
14494590000000
14499440492544
14501953125000
14513445273600
14514808422400
14533351561050
14554402652160
14562270720000
14564170137600
14571110400000
14645194571776
14646071801088
14666070988800
14670139392000
14673125376000
14688000000000
14692536320000
14713123504128
14721060372480
14728141209600
14778807091200
14787183992832
14807812500000
14811194720256
14816485854720
14824012500000
14827957248000
14862729667968
14871275274240
14874675200000
14879946571776
14902272000000
14933493915648
14945017135104
14970645381120
14991097680000
15019646910464
15023022981120
15052516098048
15085876506624
15093454602240
15106201171875
15153224169600
15156033018750
15160921875000
15188518904832
15200000000000
15209258803200
15216574464000
15244608372224
15260050391040
15266284830720
15285082305339
15364455321600
15397639914816
15400000000000
15400125000000
15413201137152
15421075537920
15422063247360
15438062813184
15497615628000
15498536288256
15505488281250
15509574144000
15521449402368
15545491052544
15569256448000
15579431239680
15590741587200
15597568000000
15611904000000
15619588096000
15694761885696
15713647488000
15716368465920
15721600000000
15736503702528
15751056642048
15753000517632
15759360000000
15762274339500
15772564684800
15780151296000
15792626953125
15806755951200
15818797219840
15823326412800
15825237442560
15845466046464
15849834165000
15869140625000
15916697276634
15923843032320
15933509222400
15966720000000
15969484800000
15975265075200
15984060438528
15993250775040
16016130000000
16061328000000
16072556150784
16096317898752
16097498110656
16113281250000
16156447211520
16165867880448
16171558502400
16176340748799
16180300800000
16182411264000
16186553450496
16192342968750
16210057668750
16247558593750
16291347824640
16295634432000
16300154880000
16303472640000
16307200000000
16319337172992
16320000000000
16321308917760
16326443499520
16334429110272
16336444981248
16356733747200
16392765313080
16398176747520
16407401070592
16411357347840
16420896768000
16453125000000
16462762060800
16471125000000
16494100480000
16499463785532
16503906250000
16506204583176
16510243921875
16523639193600
16558080000000
16576062676992
16599951744640
16630750904320
16656775200000
16674635242188
16692247756800
16696064000000
16770505113600
16772216389632
16836915744000
16840036687500
16844784581394
16845468750000
16864393035776
16899176448000
16901769049088
16903040000000
16907304960000
16923757068288
16925801840640
16955611545600
16958409932800
16959488000000
17071617024000
17075797201125
17110555036848
17111250000000
17117545493664
17119890636800
17135625830400
17144704139264
17153864499200
17164062500000
17219572920000
17228320312500
17232860160000
17260469405685
17280465371136
17292214325232
17300400390625
17310479155200
17323046208000
17385019932672
17459608320000
17462631628800
17468665491816
17489744363520
17510400000000
17513638155000
17525071872000
17533501440000
17550562885632
17563062168000
17581473792000
17583597158400
17585391403008
17610926850000
17614522662912
17637867520000
17646917180508
17693158924800
17703899136000
17730028175616
17731792404480
17740800000000
17743872000000
17744279297472
17751528660096
17789337206784
17795700000000
17824219361280
17827847331840
17845920000000
17850625000000
17874419100993
17898782720000
17932666707648
17951608012800
17952963297280
17968398336000
17978112000000
17991492187500
18011175187500
18015968056320
18018598708224
18028909559808
18101204746240
18106260480000
18111283200000
18114969600000
18115653102624
18133231753728
18134787686400
18174148608000
18199118610432
18200583733248
18214183681200
18221667188736
18234841497600
18243373078125
18266912391168
18281250000000
18286091698176
18300506705712
18324574916544
18325599846400
18343382220800
18359599104000
18401474827008
18408992684544
18488137973760
18499193143296
18507528000000
18509161562112
18546941952000
18552776704000
18564650000000
18596839548672
18614734028800
18696646950912
18707684160000
18711151875000
18717187500000
18743296000000
18776862720000
18785894400000
18786603217536
18804832929792
18829602988020
18839568384000
18841600000000
18844132584960
18863581528000
18874679427072
18910252348416
18943464701952
18968463360000
18972800000000
18978303250368
18983755448320
19001203752960
19012500000000
19083010931712
19090807228416
19092081697920
19095424598016
19105116585984
19132858800000
19142578125000
19147622400000
19171959405984
19172883824640
19233865728000
19247829120000
19279034449920
19285611383808
19307236000000
19346680184832
19399564800000
19402924032000
19433049292800
19459597950000
19472302080000
19482403336704
19487638017189
19488532379008
19490783203125
19493027840000
19501308223488
19514513520000
19534970880000
19537330176000
19567696500000
19577636718750
19593151119360
19645074505728
19659065472000
19661629685760
19670999040000
19681203370752
19716667342848
19773000000000
19789789114368
19799195834880
19804688179200
19808719257600
19828800000000
19882031976576
19882990632960
19928774541312
19930646315008
19940185546875
19947203854336
19951389573120
19975680000000
19990546875000
20012416875000
20017742284800
20079525440000
20118067200000
20127744000000
20149764096000
20168966455296
20203973830656
20223578898432
20237981868000
20253186719744
20272748953600
20317678796800
20318823383040
20346692185470
20373396046299
20399554560000
20410136828928
20446914281472
20449547255808
20456852628960
20467244531250
20522744266752
20532499384320
20542375526400
20542440283992
20544471687168
20547123544064
20563920000000
20569550848000
20607713280000
20618403531264
20619397693440
20690199642112
20730095525412
20742014684160
20782735294464
20790168750000
20823486328125
20824545280000
20828795404032
20844867649536
20846267578125
20863180800000
20882706457600
20921781097800
20932853760000
20937925094400
21047501142720
21076070400000
21166067822592
21184496712288
21204207403008
21212692480000
21213424108800
21250000000000
21258537072408
21258732000000
21269531250000
21275136000000
21292962324480
21303204249600
21339120534120
21351792640000
21361490657280
21381376000000
21382048106496
21386476800000
21397276122750
21408037041924
21421149388800
21435888100000
21497876841168
21510237450240
21547242749952
21555072000000
21558804480000
21560000000000
21566607851520
21571831107846
21592276992000
21600232270848
21607027568896
21616899784704
21621775500000
21623683940352
21645961723904
21682792800000
21705523200000
21741885000000
21749160738816
21752929687500
21770167910400
21793521976875
21831603978240
21836595200000
21843406080000
21846255206400
21856665600000
21867423334400
21969107701632
21999106483200
22005209088000
22009688064000
22032000000000
22069685256192
22081590558720
22086869319680
22092211814400
22168210636800
22180775989248
22195200000000
22196390985728
22211718750000
22216792080384
22224728782080
22228250556375
22236018750000
22241935872000
22294094501952
22306912911360
22319919857664
22332419604480
22353408000000
22364160000000
22400240873472
22417525702656
22455968071680
22457603485863
22486646520000
22488448761856
22534534471680
22578774147072
22628814759936
22640181903360
22696031301867
22729836254400
22741382812500
22782778357248
22813888204800
22824861696000
22830080000000
22862379352064
22890075586560
22897459200000
22899427246080
23046682982400
23088271360000
23096459872224
23100187500000
23104000000000
23119801705728
23131613306880
23133094871040
23157094219776
23181312000000
23192040128751
23246423442000
23247804432384
23258726400000
23264361216000
23282174103552
23318236578816
23369146859520
23374489600000
23386112380800
23417856000000
23466919010304
23478707159040
23542142828544
23554400190464
23570471232000
23574552698880
23604755553792
23626584963072
23629500776448
23639040000000
23643411509250
23658847027200
23664256000000
23670226944000
23710133926800
23734989619200
23737856163840
23741773905920
23743283200000
23768199069696
23774751247500
23856395845632
23885764548480
23900263833600
23905787969536
23950080000000
23954227200000
23955813156352
23962897612800
23967846891520
23976090657792
23989876162560
24019415051247
24024195000000
24091992000000
24108834226176
24144476848128
24146247165984
24157650000000
24169921875000
24189075456000
24204288196608
24234670817280
24248801820672
24257337753600
24270451200000
24273616896000
24279830175744
24353404092416
24358963750000
24437021736960
24443451648000
24450232320000
24452054122496
24455208960000
24479005759488
24480000000000
24481963376640
24501643665408
24504667471872
24535100620800
24546902016000
24589147969620
24597265121280
24617036021760
24631345152000
24679687500000
24693014528000
24694143091200
24706687500000
24749195678298
24759306874764
24764781428736
24785458790400
24837120000000
24864094015488
24985162800000
25011952863282
25038371635200
25038716731392
25058295808000
25098715136000
25132251217920
25155757670400
25156638474240
25158324584448
25177001953125
25187756711936
25255373616000
25260055031250
25268203125000
25348764672000
25360957440000
25385635602432
25388702760960
25409111949312
25412247748608
25433417318400
25443808051200
25516048384000
25528778096640
25560356663296
25582972698624
25607425536000
25655839784960
25665832555272
25666875000000
25676318240496
25680735109120
25703438745600
25784986386432
25787353515625
25829359380000
25842480468750
25849290240000
25920698056704
25938321487848
25938468448256
25941669576704
25965718732800
25973887385600
25984569312000
26019840000000
26060627640320
26077529899008
26189412480000
26193947443200
26202998237724
26234616545280
26236672000000
26265600000000
26270457232500
26287607808000
26300252160000
26321044921875
26322173602816
26325844328448
26344377286656
26344593252000
26372210688000
26375395737600
26378087104512
26416390275000
26421783994368
26470375770762
26539738387200
26555848704000
26561920000000
26595042263424
26597688606720
26611200000000
26615808000000
26616418946208
26625441792000
26627292990144
26628797235200
26638243633755
26684005810176
26693550000000
26736329041920
26741770997760
26768880000000
26783688687616
26899000061472
26927412019200
26952597504000
26967168000000
26970685440000
26987238281250
27016762781250
27023952084480
27027898062336
27043364339712
27159390720000
27166924800000
27172454400000
27173479653936
27199847630592
27202181529600
27261222912000
27298677915648
27300875599872
27321275521800
27332500783104
27352262246400
27400368586752
27421875000000
27429137547264
27450760058568
27451875000000
27486862374816
27517073203125
27539398656000
27602212240512
27613489026816
27680640625000
27732206960640
27748789714944
27761292000000
27763742343168
27820412928000
27837018406912
27892121600000
27895259323008
28044970426368
28061526240000
28066727812500
28075781250000
28160758382592
28165294080000
28178841600000
28179904826304
28207249394688
28209669734400
28215963354033
28244404482030
28245855390489
28259352576000
28266198877440
28312019140608
28365378522624
28415197052928
28444750315520
28452695040000
28459662001875
28467454875552
28501805629440
28518750000000
28559376384000
28624516397568
28636210842624
28638122546880
28643136897024
28657674878976
28674566304592
28699288200000
28713867187500
28721433600000
28757939108976
28759325736960
28767449009475
28797371187200
28849261772800
28850798592000
28871743680000
28900000000000
28918551674880
28928417075712
29020020277248
29078671360000
29099347200000
29104386048000
29120000000000
29149573939200
29154363392000
29184000000000
29189396925000
29208453120000
29223605005056
29251962335232
29271770280000
29302456320000
29305995264000
29351544750000
29389726679040
29467611758592
29488598208000
29492444528640
29506498560000
29521805056128
29568000000000
29575001014272
29659500000000
29684683671552
29697769472000
29698793752320
29707032268800
29713078886400
29743200000000
29814400000000
29823047964864
29824485949440
29892972380160
29893161811968
29927084359680
29947330560000
29963520000000
29985820312500
29989609144320
29999839930368
30018625312500
30026613427200
30177100800000
30184000000000
30185472000000
30191616000000
30224646144000
30253449682944
30284800000000
30305960745984
30335368347648
30356972802000
30405621796875
30468750000000
30478235074560
30559004786688
30571233280000
30599331840000
30614392668160
30615205243392
30624836595584
30670371422208
30674320883712
30685278943440
30784116400128
30798749076480
30813563289600
30813660425988
30816707530752
30827496865792
30845880000000
30911569920000
30927605296896
30929096540160
31095143288118
31113022026240
31134264066048
31174102941696
31185253125000
31195312500000
31195650719744
31243193106048
31267301474304
31294771200000
31309824000000
31382671646700
31399280640000
31406887641600
31455273437500
31496192000000
31571251714080
31614105600000
31668672921600
31687500000000
31749101733888
31776745068432
31806311104512
31820136163200
31887805608612
31888098000000
31904296875000
31912704000000
31932578529280
31939443486720
31954806374400
31962112000000
31987842678784
32008680801180
32042235985920
32056442880000
32073072159744
32079715200000
32112055562886
32131724083200
32246815261752
32265356175360
32320864124928
32323579904000
32332608000000
32338206720000
32349911777280
32388415488000
32400348406272
32425349677056
32432663250000
32435525910528
32453836800000
32454724812800
32484638671875
32513170866176
32524189200000
32558284800000
32562216960000
32612827500000
32623741108224
32629394531250
32655251865600
32724285440000
32747405967360
32756039680000
32765109120000
32769382809600
32784998400000
32953661552448
32955000000000
32998659724800
33007813632000
33014532096000
33048000000000
33104527884288
33122385838080
33129958400000
33138317721600
33233642578125
33240596480000
33252315955200
33260963721216
33271163983872
33292800000000
33317578125000
33325188120576
33337093173120
33354028125000
33362903808000
33441141752928
33460369367040
33479879786496
33498629406720
33530112000000
33546240000000
33600361310208
33626288553984
33683952107520
33700167690651
33729969780000
33801801707520
33832027815936
33864705638400
33868161220608
33880000000000
33943222139904
33953900465408
33960272855040
34066281267200
34094754381600
34112074218750
34134252584960
34174167535872
34220832307200
34237292544000
34273200000000
34335113379840
34346188800000
34349140869120
34365662822400
34536861728768
34570024473600
34570220339200
34574486732800
34644689808336
34650281250000
34668544000000
34679702558592
34697419960320
34699642306560
34705810546875
34735641329664
34743779296875
34771968000000
34869635163000
34871706648576
34888089600000
34896541824000
34923261155328
34977354868224
35053720289280
35079168571200
35081614131200
35118080000000
35126784000000
35200378515456
35218060738560
35313214242816
35355706848000
35361829048320
35407133330688
35439877444608
35444251164672
35449218750000
35458560000000
35488270540800
35505340416000
35565200890200
35602484428800
35606784245760
35621331271680
35644128000000
35652298604544
35662126871250
35665192045791
35744628906250
35784593768448
35828646822720
35850395750400
35925120000000
35931340800000
35944346419200
35964135986688
35984814243840
35987128320000
36036292500000
36120674959360
36137988000000
36163251339264
36175872000000
36216715272192
36218076533760
36219370748976
36236475000000
36245123848395
36254882812500
36283613184000
36287021056000
36306432294912
36322536628125
36352006225920
36363442339840
36373202731008
36386006630400
36405676800000
36410425344000
36419745263616
36427776000000
36476285353984
36655532605440
36665177472000
36675348480000
36682813440000
36718508639232
36720000000000
36722945064960
36731340800000
36752465498112
36757001207808
36795039350784
36802650931200
36820353024000
36876587016192
36883721954430
36895897681920
36925554032640
36947017728000
37019531250000
37041214636800
37047084260625
37060031250000
37069893120000
37138960312146
37147172143104
37178188185600
37186688000000
37255680000000
37296141023232
37336553357312
37426613452800
37477744200000
37557557452800
37558075097088
37644849245696
37698376826880
37733636505600
37734957711360
37737486876672
37738501898240
37744795080531
37883060424000
37902304687500
38000000000000
38023147008000
38041436160000
38060880859375
38078453403648
38083054141440
38113667923968
38118371622912
38150125977600
38165712076800
38293167144960
38374459047936
38411138304000
38424656478208
38498748832908
38500000000000
38500312500000
38514477360744
38552688844800
38555158118400
38677479579648
38744039070000
38773935360000
38881047085056
38907482231772
38923141120000
38948578099200
38976853968000
38993920000000
39029760000000
39048970240000
39116294848512
39284118720000
39290921164800
39304000000000
39304497356586
39351924817920
39398400000000
39405685848750
39431411712000
39450378240000
39488766492672
39493537628160
39516565929984
39516889878000
39546993049600
39558316032000
39563093606400
39567130656768
39624585412500
39632675991552
39672851562500
39809607580800
39833773056000
39892563395136
39896532910080
39916800000000
39923712000000
39924628419312
39938162688000
39940939485216
39983126937600
40026008715264
40040325000000
40104493562880
40112656496640
40153320000000
40283203125000
40316319662080
40348500092208
40388966481920
40391118028800
40428896256000
40450752000000
40456028160000
40535928126720
40541847093504
40565046509568
40728369561600
40739086080000
40750387200000
40758681600000
40760219480904
40768000000000
40799771445888
40800000000000
40803272294400
40816108748800
40891834368000
40948016873472
40951313399808
40981913282700
40995441868800
40998751174656
41028393369600
41052241920000
41100552880128
41132812500000
41143706320896
41156905152000
41176140087852
41177812500000
41230293562224
41235251200000
41259765625000
41309097984000
41395200000000
41403318360768
41420233540224
41499879361600
41576877260800
41598310440960
41623184572416
41641938000000
41645613514752
41706977902317
41730619392000
41740160000000
41842888984512
41926262784000
42067455639552
42092289360000
42100091718750
42113671875000
42241137573888
42247941120000
42257600000000
42268262400000
42269857239456
42310874092032
42314504601600
42389028864000
42396024832000
42398720000000
42399298316160
42468028710912
42548067783936
42622795579392
42679042560000
42701182313328
42752708444160
42778125000000
42799726592000
42839064576000
42884661248000
42910156250000
42936774596352
42954316263936
42957183820320
42964705345536
42986512318464
43048932300000
43070800781250
43082150400000
43136908663464
43138988605440
43276197888000
43307615520000
43377827512320
43392625613568
43485046505472
43521172045824
43530030415872
43625509552128
43649020800000
43656579072000
43724360908800
43776000000000
43784095387500
43812679680000
43833753600000
43835407507584
43868408203125
43877943502848
43907655420000
43953684480000
43958992896000
44027317125000
44040918663168
44084590018560
44094668800000
44201417637888
44232897312000
44238666792960
44259747840000
44282707584192
44329481011200
44352000000000
44359680000000
44362501521408
44397072722925
44489250000000
44527025507328
44534374334464
44548190628480
44560548403200
44569618329600
44600047697920
44614800000000
44626562500000
44698893352960
44734571947296
44736728924160
44746956800000
44821204959232
44839458570240
44839742717952
44879020032000
44882408243200
44890626539520
44920995840000
44945280000000
44958437801984
44978730468750
44984413716480
44999759895552
45027937968750
45039920140800
45142253764608
45253011865600
45265651200000
45278208000000
45287424000000
45336969216000
45345631135005
45380174524416
45410957656064
45435371520000
45458941118976
45503052521472
45535459203000
45587103744000
45703125000000
45717352611840
45813999616000
45838507180032
45858455552000
45861788671875
45898997760000
45922807865088
45933786038272
46005557133312
46011481325568
46027918415160
46082717384704
46176174600192
46198123614720
46220344934400
46220490638982
46225061296128
46268820000000
46367354880000
46381941760000
46391407945344
46393644810240
46411625000000
46500473929728
46536835072000
46669533039360
46701396099072
46761154412544
46769210400000
46777262465024
46777879687500
46792968750000
46858240000000
46864789659072
46900952211456
46942156800000
46949529026560
46964736000000
47074007470050
47098920960000
47104000000000
47110331462400
47142605604864
47158953820000
47188350763008
47356877571120
47410587893760
47421158400000
47432000000000
47432770003125
47459388620800
47469233803264
47503009382400
47531250000000
47623652600832
47665117602648
47692793774080
47709466656768
47730204244800
47831708412918
47832147000000
47856445312500
47869056000000
47886403289088
47909165230080
47932209561600
47945748349125
48013021201770
48063353978880
48084664320000
48109608239616
48111927951360
48119572800000
48124743221632
48171441403904
48189533061120
48197586124800
48268090000000
48370222892628
48398034263040
48398308474880
48404281425920
48481296187392
48498912000000
48507310080000
48524867665920
48582623232000
48600522609408
48638024515584
48648994875000
48653288865792
48680755200000
48732569600000
48786283800000
48825188220928
48837427200000
48843325440000
48884036690944
48919241250000
48935611662336
48982877798400
48990812897280
49114259783680
49121108951040
49147663680000
49154074214400
49177497600000
49430492328672
49432500000000
49497989587200
49511720448000
49521798144000
49572000000000
49656791826432
49683578757120
49707476582400
49878473932800
49891445581824
49906745975808
49939200000000
49976367187500
49984829390848
49987782180864
50005639759680
50031042187500
50044355712000
50161712629392
50190554050560
50198813600000
50219819679744
50247944110080
50295168000000
50319360000000
50374410240000
50400541965312
50439432830976
50489025546969
50525928161280
50594954670000
50676036328125
50681872384000
50702702561280
50748041723904
50794196992000
50797058457600
50802241830912
50914833209856
50940409282560
50998886400000
51142131572400
51261251303808
51331248460800
51355938816000
51391418597376
51409800000000
51423877120000
51495932264448
51502670069760
51519283200000
51523711303680
51548494233600
51855036710400
51967034712504
51975421875000
52019553837888
52046129940480
52049463459840
52061363200000
52103461994496
52157952000000
52158082842624
52206766144000
52267228704768
52304452744500
52307559972864
52332134400000
52344812736000
52384891732992
52401074800347
52466032302336
52568764186624
52580580433920
52618752856800
52690176000000
52709147279360
52800567773184
52827091107840
52937660870016
52957406371023
52969821364224
53031731200000
53033560272000
53042743572480
53110699996032
53125000000000
53146830000000
53159816166912
53166376747008
53173828125000
53187840000000
53232405811200
53258010624000
53347801335300
53356129302784
53379481600000
53403726643200
53410176368640
53431996907520
53453440000000
53466192000000
53478447906816
53552873472000
53589720250000
53676890652672
53742970234080
53775593625600
53887680000000
53897011200000
53900000000000
53916519628800
53946203980032
53977221365760
53980692480000
54054438750000
54141064453125
54206982000000
54244877008896
54263808000000
54295036789760
54325072908288
54327114800640
54329056123464
54354712500000
54382324218750
54425419776000
54459648442368
54528009338880
54559804096512
54579009945600
54591488000000
54608515200000
54615638016000
54629617895424
54641664000000
54668558336000
54983298908160
54997766208000
55013022720000
55024220160000
55077762958848
55080000000000
55084417597440
55128698247168
55135501811712
55192559026176
55203976396800
55217173299200
55230529536000
55314880524288
55343846522880
55388331048960
55389404296875
55420526592000
55488000000000
55529296875000
55561821955200
55590046875000
55604839680000
55720758214656
55767282278400
55831049011200
55883520000000
55910400000000
55944211534848
55976377712640
56045301786243
56139920179200
56216616300000
56253946527744
56336336179200
56337112645632
56547565240320
56600454758400
56602436567040
56606230315008
56824590636000
56853457031250
57019717386240
57034720512000
57062154240000
57075200000000
57117680105472
57124581212160
57142552248320
57170501885952
57177557434368
57225188966400
57243648000000
57248568115200
57425903747072
57439750717440
57561688571904
57616707456000
57720678400000
57748123249362
57750468750000
57760000000000
57771716041116
57829033267200
57832737177600
57843017578125
57906298828125
57953280000000
58016219369472
58116058605000
58146816000000
58160903040000
58207628165120
58321570627584
58361223347658
58422867148800
58436224000000
58465280952000
58544640000000
58674442272768
58696767897600
58926178080000
58936381747200
59027887226880
59097600000000
59147117568000
59156191671808
59160640000000
59175567360000
59233149739008
59240306442240
59274848894976
59275334817000
59313249412263
59337474048000
59344640409600
59350695985152
59354434764800
59358208000000
59436878118750
59449013987328
59648505806848
59714411371200
59750659584000
59838845092704
59844799365120
59875200000000
59885568000000
59886942628968
59907244032000
59911409227824
59919617228800
59974690406400
60039013072896
60060487500000
60156740344320
60168984744960
60229980000000
60394125000000
60408539747325
60424804687500
60472688640000
60522750138312
60537561046875
60586677043200
60643344384000
60676128000000
60684042240000
60803892190080
60812770640256
60847569764352
60897409375000
61092554342400
61108629120000
61125580800000
61138022400000
61140329221356
61199657168832
61200000000000
61204908441600
61337751552000
61367255040000
61422025310208
61426970099712
61472869924050
61493162803200
61498126761984
61542590054400
61578362880000
61650829320192
61699218750000
61715559481344
61732536320000
61735357728000
61745140434375
61764210131778
61766718750000
61845440343336
61963646976000
62061273415680
62092800000000
62104977541152
62130350310336
62397465661440
62434776858624
62462907000000
62468420272128
62595929088000
62645739520000
62746787840000
62764333476768
62830628044800
62889394176000
62891596185600
63101183459328
63138434040000
63170507812500
63288387820845
63354216611840
63361706360832
63371911680000
63402393600000
63404785859184
63466311138048
63471756902400
63583543296000
63598947474240
63609520128000
63702043066368
63790120960000
63821945241600
63822101675904
63934193369088
64018563840000
64051773469992
64129062666240
64139599462400
64167187500000
64201837772800
64258596864000
64405161894528
64431474395904
64435775730480
64441957744640
64447058018304
64479768477696
64490410344448
64573398450000
64623225600000
64705362995196
64708482908160
64914296832000
64934718464000
64961423280000
65049600000000
65066741268480
65088938420352
65151569100800
65167672999936
65227569758208
65281758068736
65295045623808
65438264328192
65473531200000
65484868608000
65507914940416
65586541363200
65591680000000
65664000000000
65676143081250
65719019520000
65750630400000
65753111261376
65816915254272
65837247826077
65861483130000
65930526720000
65938489344000
66040975687500
66061377994752
66126885027840
66302126456832
66349345968000
66358000189440
66389621760000
66404800000000
66409784410112
66424061376288
66494221516800
66528000000000
66539520000000
66543752282112
66563604480000
66571993088000
66733875000000
66790538260992
66817825299456
66822285942720
66840822604800
66854427494400
66922200000000
67047119140625
67101857920944
67105093386240
67259187855360
67259614076928
67318530048000
67335939809280
67381493760000
67417920000000
67426713600000
67476620574720
67499639843328
67559880211200
67713380646912
67898476800000
67917312000000
67931136000000
68005453824000
68070261786624
68153057280000
68188411678464
68209863326528
68254578782208
68303188804500
68380655616000
68554687500000
68576028917760
68629687500000
68757760770048
68848496640000
68884211797632
69008335699968
69017221988352
69041877622740
69201601562500
69264261900288
69297185422080
69330517401600
69337591944192
69403230000000
69551032320000
69587111918016
69590467215360
69671080427520
69730304000000
69750710894592
70004299559040
70052094148608
70141731618816
70153815600000
70166819531250
70189453125000
70297184488608
70351428317184
70413235200000
70447104000000
70524174336000
70648381440000
70665497193600
70713908407296
70782526144512
70937827344384
70988578422784
71035316356680
71111875788800
71115881840640
71131737600000
71254514073600
71296875000000
71398440960000
71435478901248
71497676403972
71564199985152
71595306367200
71748220500000
71784667968750
71803584000000
71829604933632
71863747845120
71898314342400
71993427968000
72095030968320
72123154432000
72126996480000
72164412359424
72167891927040
72179359200000
72250000000000
72284299591680
72296379187200
72415698747392
72555334338942
72597051394560
72696678400000
72698583580672
72721944281088
72748368000000
72760965120000
72787301498880
72800000000000
72873934848000
72885908480000
72900783914112
72957036773376
72960000000000
72973492312500
72979933298688
73021132800000
73114013671875
73179425700000
73256140800000
73264988160000
73378861875000
73403417493504
73474316697600
73486219345920
73681663426560
73721495520000
73731111321600
73766246400000
73920000000000
73995121204875
74081237379072
74145738493008
74148750000000
74214725910528
74244423680000
74246984380800
74267580672000
74282697216000
74358000000000
74485187739648
74525368135680
74536000000000
74561214873600
74732430950400
74817710899200
74837168372736
74860118963712
74868326400000
74908800000000
74964550781250
74974022860800
74981673271296
75008459639520
75046563281250
75066533568000
75242568944088
75285831075840
75322281041304
75329729519616
75371916165120
75442752000000
75460000000000
75463680000000
75479040000000
75561615360000
75576051891675
75600812947968
75624596491136
75659149246464
75712000000000
75760866033664
75788892241920
75892432005000
76054053841920
76122062585856
76171875000000
76195587686400
76203362746368
76372249814784
76410613923840
76428083200000
76436314453125
76498329600000
76535981670400
76713197358600
76891876955712
76996872691200
77033908224000
77087127896064
77114700000000
77243898396672
77254005104640
77278924800000
77285566955520
77322741350400
77455816104303
77613440172032
77782555065600
77950552068756
77963132812500
77988281250000
78029330756832
78069194910720
78074195189760
78155192991744
78236928000000
78237124263936
78274560000000
78400843057152
78456679116750
78461339959296
78484290666496
78498201600000
78517219104000
78562468036608
78577337599488
78633724611519
78638183593750
78699048453504
78709570666496
78740480000000
78870870650880
78928129285200
79035264000000
79054616671875
79171682304000
79200851659776
79218750000000
79240636661760
79406491305024
79454732046336
79550340408000
79564115358720
79666049994048
79720245000000
79739724250368
79749565120512
79760742187500
79781760000000
79831446323200
79848608716800
79887015936000
79905280000000
79909580581875
80018327732224
80021702002950
80105589964800
80115264552960
80141107200000
80147995361280
80199288000000
80217671860224
80329310208000
80492417897085
80515335979008
80614455351120
80663390438400
80808949760000
80831520000000
80845516800000
80874779443200
80919305970048
80965832048640
80971038720000
80987937570816
81081658125000
81134592000000
81136812032000
81310473000000
81367315513344
81395712000000
81400367677440
81405542400000
81461570961408
81487609362432
81490672200960
81493584185196
81532068750000
81638129664000
81689472663552
81792014008320
81810713600000
81839706144768
81868514918400
81890099200000
81912772800000
81923457024000
81944426843136
81962496000000
82134216536064
82175475056640
82338549596160
82387500000000
82474948362240
82496649312000
82519534080000
82536330240000
82616644438272
82620000000000
82626626396160
82693047370752
82703252717568
82746839924736
82788838539264
82805964595200
82824896000000
82845794304000
82972320786432
83015769784320
83082496573440
83096208670720
83101491200000
83130789888000
83218781440179
83232000000000
83293945312500
83342732932800
83385070312500
83407259520000
83497385459712
83581137321984
83650923417600
83733937890625
83746573516800
83825280000000
83835614134272
83845346047232
83865600000000
83887464120320
83916317302272
83964566568960
84209880268800
84324924450000
84380919791616
84460060546875
84504504268800
84505668968448
84571955646255
84661764096000
84700000000000
84821347860480
84868553768960
84900682137600
84903654850560
84909345472512
85165703168000
85219264692224
85236885954000
85236914323456
85335631462400
85529576079360
85552080768000
85582189428736
85593231360000
85676520158208
85683000000000
85686871818240
85755752828928
85766336151552
85837783449600
85865472000000
85872852172800
85914157056000
85985245265920
86159626076160
86342532857856
86358023012352
86425061184000
86425550848000
86436216832000
86625703125000
86657574061674
86671360000000
86743549900800
86749105766400
86929920000000
87024329054208
87174087907500
87220224000000
87241354560000
87482355941376
87634300723200
87635508559872
87697921428000
87704035328000
87795200000000
87816960000000
87962879262720
88011663409152
88045151846400
88048234659840
88071188521239
88157148491776
88389267120000
88404572620800
88541830840320
88572331294720
88585264431104
88623046875000
88646400000000
88720676352000
88763351040000
88849724608512
88860459663360
88912273342464
88913002225500
88931891822592
88942867120128
89006211072000
89016960614400
89026043977728
89053328179200
89110320000000
89173520980992
89350723338240
89461248321536
89571617056800
89625989376000
89758267639056
89767199047680
89795439247360
89812800000000
89828352000000
89830413943452
89860866048000
89867113841736
89882572881920
89962035609600
89967820800000
90058519609344
90090731250000
90235107421875
90235110516480
90247452352512
90253477117440
90301687398400
90344970000000
90439680000000
90545191334400
90591187500000
90637207031250
90709032960000
90717552640000
90784125207468
90784639568896
90795843518464
90880015564800
90908605849600
90965016576000
91014192000000
91026063360000
91069440000000
91205838285120
91212196741120
91219155960384
91271354646528
91299734595520
91638831513600
91662943680000
91688371200000
91707033600000
91710493832034
91799485753248
91800000000000
91807362662400
91828352000000
91829789786112
92006627328000
92050882560000
92127607609856
92133037965312
92140455149568
92239744204800
92247190142976
92313885081600
92367544320000
92476243980288
92548828125000
92573339222016
92603036592000
92650078125000
92674732800000
92754161696768
92768160515004
92945470464000
92959729769984
92966720000000
93091910123520
93139200000000
93157466311728
93195525465504
93566533632000
93596198492160
93652165287936
93694360500000
93702630408192
93742910406656
93893893632000
94146500215152
94245942067200
94334091264000
94337394278400
94346254745600
94651775188992
94707651060000
94755761718750
94929648877568
95000000000000
95042559541248
95057867520000
95103590400000
95107178788776
95199466707072
95207635353600
95375314944000
95398421211360
95414280192000
95553064599552
95732917862400
95733152513856
95742337220608
95901290053632
96027845760000
96077660204988
96193593999360
96250000000000
96250781250000
96381722112000
96387895296000
96405029296875
96510498046875
96607742841792
96647211593856
96653663595720
96670587027456
96719652716544
96860097675000
96934838400000
97058044492794
97062724362240
97307852800000
97309194977280
97316281772073
97371445248000
97442134920000
97484800000000
97524858224640
97574400000000
97600111902720
97622425600000
97633407630528
97841354637312
97922637103104
97942568435712
98087490027520
98157396492288
98210296800000
98227302912000
98260000000000
98379812044800
98496000000000
98578529280000
98625945600000
98629666892064
98725372881408
98733844070400
98741298135040
98792224695000
98867482624000
98895790080000
98907734016000
99061463531250
99092066992128
99182128906250
99190327541760
99453189685248
99524018952000
99537000284160
99556626104320
99584432640000
99636092064432
99741332275200
99792000000000
99809280000000
99815628423168
99845406720000
99957817344000
